This is pdfTeX, Version 3.14159265-2.6-1.40.16 (TeX Live 2015) (preloaded format=pdflatex 2016.2.3)  11 MAR 2016 21:21
entering extended mode
 restricted \write18 enabled.
 %&-line parsing enabled.
**main
(./main.tex
LaTeX2e <2015/01/01>
Babel <3.9l> and hyphenation patterns for 79 languages loaded.
(/usr/local/texlive/2015/texmf-dist/tex/latex/base/report.cls
Document Class: report 2014/09/29 v1.4h Standard LaTeX document class
(/usr/local/texlive/2015/texmf-dist/tex/latex/base/size12.clo
File: size12.clo 2014/09/29 v1.4h Standard LaTeX file (size option)
)
\c@part=\count79
\c@chapter=\count80
\c@section=\count81
\c@subsection=\count82
\c@subsubsection=\count83
\c@paragraph=\count84
\c@subparagraph=\count85
\c@figure=\count86
\c@table=\count87
\abovecaptionskip=\skip41
\belowcaptionskip=\skip42
\bibindent=\dimen102
)
(/usr/local/texlive/2015/texmf-dist/tex/latex/amsfonts/amssymb.sty
Package: amssymb 2013/01/14 v3.01 AMS font symbols

(/usr/local/texlive/2015/texmf-dist/tex/latex/amsfonts/amsfonts.sty
Package: amsfonts 2013/01/14 v3.01 Basic AMSFonts support
\@emptytoks=\toks14
\symAMSa=\mathgroup4
\symAMSb=\mathgroup5
LaTeX Font Info:    Overwriting math alphabet `\mathfrak' in version `bold'
(Font)                  U/euf/m/n --> U/euf/b/n on input line 106.
))
(/usr/local/texlive/2015/texmf-dist/tex/latex/amsmath/amsmath.sty
Package: amsmath 2013/01/14 v2.14 AMS math features
\@mathmargin=\skip43

For additional information on amsmath, use the `?' option.
(/usr/local/texlive/2015/texmf-dist/tex/latex/amsmath/amstext.sty
Package: amstext 2000/06/29 v2.01

(/usr/local/texlive/2015/texmf-dist/tex/latex/amsmath/amsgen.sty
File: amsgen.sty 1999/11/30 v2.0
\@emptytoks=\toks15
\ex@=\dimen103
))
(/usr/local/texlive/2015/texmf-dist/tex/latex/amsmath/amsbsy.sty
Package: amsbsy 1999/11/29 v1.2d
\pmbraise@=\dimen104
)
(/usr/local/texlive/2015/texmf-dist/tex/latex/amsmath/amsopn.sty
Package: amsopn 1999/12/14 v2.01 operator names
)
\inf@bad=\count88
LaTeX Info: Redefining \frac on input line 210.
\uproot@=\count89
\leftroot@=\count90
LaTeX Info: Redefining \overline on input line 306.
\classnum@=\count91
\DOTSCASE@=\count92
LaTeX Info: Redefining \ldots on input line 378.
LaTeX Info: Redefining \dots on input line 381.
LaTeX Info: Redefining \cdots on input line 466.
\Mathstrutbox@=\box26
\strutbox@=\box27
\big@size=\dimen105
LaTeX Font Info:    Redeclaring font encoding OML on input line 566.
LaTeX Font Info:    Redeclaring font encoding OMS on input line 567.
\macc@depth=\count93
\c@MaxMatrixCols=\count94
\dotsspace@=\muskip10
\c@parentequation=\count95
\dspbrk@lvl=\count96
\tag@help=\toks16
\row@=\count97
\column@=\count98
\maxfields@=\count99
\andhelp@=\toks17
\eqnshift@=\dimen106
\alignsep@=\dimen107
\tagshift@=\dimen108
\tagwidth@=\dimen109
\totwidth@=\dimen110
\lineht@=\dimen111
\@envbody=\toks18
\multlinegap=\skip44
\multlinetaggap=\skip45
\mathdisplay@stack=\toks19
LaTeX Info: Redefining \[ on input line 2665.
LaTeX Info: Redefining \] on input line 2666.
)
(/usr/local/texlive/2015/texmf-dist/tex/latex/amscls/amsthm.sty
Package: amsthm 2015/03/04 v2.20.2
\thm@style=\toks20
\thm@bodyfont=\toks21
\thm@headfont=\toks22
\thm@notefont=\toks23
\thm@headpunct=\toks24
\thm@preskip=\skip46
\thm@postskip=\skip47
\thm@headsep=\skip48
\dth@everypar=\toks25
)
(/usr/local/texlive/2015/texmf-dist/tex/latex/base/latexsym.sty
Package: latexsym 1998/08/17 v2.2e Standard LaTeX package (lasy symbols)
\symlasy=\mathgroup6
LaTeX Font Info:    Overwriting symbol font `lasy' in version `bold'
(Font)                  U/lasy/m/n --> U/lasy/b/n on input line 52.
)
(/usr/local/texlive/2015/texmf-dist/tex/latex/algorithms/algorithm.sty
Package: algorithm 2009/08/24 v0.1 Document Style `algorithm' - floating enviro
nment

(/usr/local/texlive/2015/texmf-dist/tex/latex/float/float.sty
Package: float 2001/11/08 v1.3d Float enhancements (AL)
\c@float@type=\count100
\float@exts=\toks26
\float@box=\box28
\@float@everytoks=\toks27
\@floatcapt=\box29
)
(/usr/local/texlive/2015/texmf-dist/tex/latex/base/ifthen.sty
Package: ifthen 2014/09/29 v1.1c Standard LaTeX ifthen package (DPC)
)
\@float@every@algorithm=\toks28
\c@algorithm=\count101
)
(/usr/local/texlive/2015/texmf-dist/tex/latex/algorithmicx/algpseudocode.sty
Package: algpseudocode 

(/usr/local/texlive/2015/texmf-dist/tex/latex/algorithmicx/algorithmicx.sty
Package: algorithmicx 2005/04/27 v1.2 Algorithmicx

Document Style algorithmicx 1.2 - a greatly improved `algorithmic' style
\c@ALG@line=\count102
\c@ALG@rem=\count103
\c@ALG@nested=\count104
\ALG@tlm=\skip49
\ALG@thistlm=\skip50
\c@ALG@Lnr=\count105
\c@ALG@blocknr=\count106
\c@ALG@storecount=\count107
\c@ALG@tmpcounter=\count108
\ALG@tmplength=\skip51
)
Document Style - pseudocode environments for use with the `algorithmicx' style
) (/usr/local/texlive/2015/texmf-dist/tex/latex/graphics/graphicx.sty
Package: graphicx 2014/10/28 v1.0g Enhanced LaTeX Graphics (DPC,SPQR)

(/usr/local/texlive/2015/texmf-dist/tex/latex/graphics/keyval.sty
Package: keyval 2014/10/28 v1.15 key=value parser (DPC)
\KV@toks@=\toks29
)
(/usr/local/texlive/2015/texmf-dist/tex/latex/graphics/graphics.sty
Package: graphics 2014/10/28 v1.0p Standard LaTeX Graphics (DPC,SPQR)

(/usr/local/texlive/2015/texmf-dist/tex/latex/graphics/trig.sty
Package: trig 1999/03/16 v1.09 sin cos tan (DPC)
)
(/usr/local/texlive/2015/texmf-dist/tex/latex/latexconfig/graphics.cfg
File: graphics.cfg 2010/04/23 v1.9 graphics configuration of TeX Live
)
Package graphics Info: Driver file: pdftex.def on input line 94.

(/usr/local/texlive/2015/texmf-dist/tex/latex/pdftex-def/pdftex.def
File: pdftex.def 2011/05/27 v0.06d Graphics/color for pdfTeX

(/usr/local/texlive/2015/texmf-dist/tex/generic/oberdiek/infwarerr.sty
Package: infwarerr 2010/04/08 v1.3 Providing info/warning/error messages (HO)
)
(/usr/local/texlive/2015/texmf-dist/tex/generic/oberdiek/ltxcmds.sty
Package: ltxcmds 2011/11/09 v1.22 LaTeX kernel commands for general use (HO)
)
\Gread@gobject=\count109
))
\Gin@req@height=\dimen112
\Gin@req@width=\dimen113
)
(/usr/local/texlive/2015/texmf-dist/tex/latex/tools/tabularx.sty
Package: tabularx 2014/10/28 v2.10 `tabularx' package (DPC)

(/usr/local/texlive/2015/texmf-dist/tex/latex/tools/array.sty
Package: array 2014/10/28 v2.4c Tabular extension package (FMi)
\col@sep=\dimen114
\extrarowheight=\dimen115
\NC@list=\toks30
\extratabsurround=\skip52
\backup@length=\skip53
)
\TX@col@width=\dimen116
\TX@old@table=\dimen117
\TX@old@col=\dimen118
\TX@target=\dimen119
\TX@delta=\dimen120
\TX@cols=\count110
\TX@ftn=\toks31
)
(/usr/local/texlive/2015/texmf-dist/tex/latex/graphics/epsfig.sty
Package: epsfig 1999/02/16 v1.7a (e)psfig emulation (SPQR)
\epsfxsize=\dimen121
\epsfysize=\dimen122
)
(/usr/local/texlive/2015/texmf-dist/tex/latex/tools/verbatim.sty
Package: verbatim 2014/10/28 v1.5q LaTeX2e package for verbatim enhancements
\every@verbatim=\toks32
\verbatim@line=\toks33
\verbatim@in@stream=\read1
)
(/usr/local/texlive/2015/texmf-dist/tex/latex/wallpaper/wallpaper.sty
Package: wallpaper 2005/01/18, v1.01 easy wallpaper formatting (MHFW)

(/usr/local/texlive/2015/texmf-dist/tex/latex/tools/calc.sty
Package: calc 2014/10/28 v4.3 Infix arithmetic (KKT,FJ)
\calc@Acount=\count111
\calc@Bcount=\count112
\calc@Adimen=\dimen123
\calc@Bdimen=\dimen124
\calc@Askip=\skip54
\calc@Bskip=\skip55
LaTeX Info: Redefining \setlength on input line 80.
LaTeX Info: Redefining \addtolength on input line 81.
\calc@Ccount=\count113
\calc@Cskip=\skip56
)
(/usr/local/texlive/2015/texmf-dist/tex/latex/eso-pic/eso-pic.sty
Package: eso-pic 2015/04/20 v2.0e eso-pic (RN)

(/usr/local/texlive/2015/texmf-dist/tex/generic/oberdiek/atbegshi.sty
Package: atbegshi 2011/10/05 v1.16 At begin shipout hook (HO)

(/usr/local/texlive/2015/texmf-dist/tex/generic/oberdiek/ifpdf.sty
Package: ifpdf 2011/01/30 v2.3 Provides the ifpdf switch (HO)
Package ifpdf Info: pdfTeX in PDF mode is detected.
))
(/usr/local/texlive/2015/texmf-dist/tex/latex/xcolor/xcolor.sty
Package: xcolor 2007/01/21 v2.11 LaTeX color extensions (UK)

(/usr/local/texlive/2015/texmf-dist/tex/latex/latexconfig/color.cfg
File: color.cfg 2007/01/18 v1.5 color configuration of teTeX/TeXLive
)
Package xcolor Info: Driver file: pdftex.def on input line 225.
Package xcolor Info: Model `cmy' substituted by `cmy0' on input line 1337.
Package xcolor Info: Model `hsb' substituted by `rgb' on input line 1341.
Package xcolor Info: Model `RGB' extended on input line 1353.
Package xcolor Info: Model `HTML' substituted by `rgb' on input line 1355.
Package xcolor Info: Model `Hsb' substituted by `hsb' on input line 1356.
Package xcolor Info: Model `tHsb' substituted by `hsb' on input line 1357.
Package xcolor Info: Model `HSB' substituted by `hsb' on input line 1358.
Package xcolor Info: Model `Gray' substituted by `gray' on input line 1359.
Package xcolor Info: Model `wave' substituted by `hsb' on input line 1360.
))
\wpXoffset=\skip57
\wpYoffset=\skip58
\tileXoffset=\skip59
\tileYoffset=\skip60
\tilewidth=\skip61
\tileheight=\skip62
\tileX=\skip63
\tileY=\skip64
)
(/usr/local/texlive/2015/texmf-dist/tex/latex/cite/cite.sty
LaTeX Info: Redefining \cite on input line 302.
LaTeX Info: Redefining \nocite on input line 332.
Package: cite 2015/02/27  v 5.5
)
(/usr/local/texlive/2015/texmf-dist/tex/latex/tools/longtable.sty
Package: longtable 2014/10/28 v4.11 Multi-page Table package (DPC)
\LTleft=\skip65
\LTright=\skip66
\LTpre=\skip67
\LTpost=\skip68
\LTchunksize=\count114
\LTcapwidth=\dimen125
\LT@head=\box30
\LT@firsthead=\box31
\LT@foot=\box32
\LT@lastfoot=\box33
\LT@cols=\count115
\LT@rows=\count116
\c@LT@tables=\count117
\c@LT@chunks=\count118
\LT@p@ftn=\toks34
)
(/usr/local/texlive/2015/texmf-dist/tex/latex/subfig/subfig.sty
Package: subfig 2005/06/28 ver: 1.3 subfig package

(/usr/local/texlive/2015/texmf-dist/tex/latex/caption/caption.sty
Package: caption 2013/05/02 v3.3-89 Customizing captions (AR)

(/usr/local/texlive/2015/texmf-dist/tex/latex/caption/caption3.sty
Package: caption3 2013/05/02 v1.6-88 caption3 kernel (AR)
Package caption3 Info: TeX engine: e-TeX on input line 57.
\captionmargin=\dimen126
\captionmargin@=\dimen127
\captionwidth=\dimen128
\caption@tempdima=\dimen129
\caption@indent=\dimen130
\caption@parindent=\dimen131
\caption@hangindent=\dimen132
)
\c@ContinuedFloat=\count119
Package caption Info: float package is loaded.
Package caption Info: longtable package is loaded.

(/usr/local/texlive/2015/texmf-dist/tex/latex/caption/ltcaption.sty
Package: ltcaption 2013/02/03 v1.3-62 longtable captions (AR)
))
\c@KVtest=\count120
\sf@farskip=\skip69
\sf@captopadj=\dimen133
\sf@capskip=\skip70
\sf@nearskip=\skip71
\c@subfigure=\count121
\c@subfigure@save=\count122
\c@lofdepth=\count123
\c@subtable=\count124
\c@subtable@save=\count125
\c@lotdepth=\count126
\sf@top=\skip72
\sf@bottom=\skip73
)
(/usr/local/texlive/2015/texmf-dist/tex/latex/url/url.sty
\Urlmuskip=\muskip11
Package: url 2013/09/16  ver 3.4  Verb mode for urls, etc.
)
(/usr/local/texlive/2015/texmf-dist/tex/latex/booktabs/booktabs.sty
Package: booktabs 2005/04/14 v1.61803 publication quality tables
\heavyrulewidth=\dimen134
\lightrulewidth=\dimen135
\cmidrulewidth=\dimen136
\belowrulesep=\dimen137
\belowbottomsep=\dimen138
\aboverulesep=\dimen139
\abovetopsep=\dimen140
\cmidrulesep=\dimen141
\cmidrulekern=\dimen142
\defaultaddspace=\dimen143
\@cmidla=\count127
\@cmidlb=\count128
\@aboverulesep=\dimen144
\@belowrulesep=\dimen145
\@thisruleclass=\count129
\@lastruleclass=\count130
\@thisrulewidth=\dimen146
)
(/usr/local/texlive/2015/texmf-dist/tex/latex/tools/multicol.sty
Package: multicol 2015/03/31 v1.8m multicolumn formatting (FMi)
\c@tracingmulticols=\count131
\mult@box=\box34
\multicol@leftmargin=\dimen147
\c@unbalance=\count132
\c@collectmore=\count133
\doublecol@number=\count134
\multicoltolerance=\count135
\multicolpretolerance=\count136
\full@width=\dimen148
\page@free=\dimen149
\premulticols=\dimen150
\postmulticols=\dimen151
\multicolsep=\skip74
\multicolbaselineskip=\skip75
\partial@page=\box35
\last@line=\box36
\maxbalancingoverflow=\dimen152
\mult@rightbox=\box37
\mult@grightbox=\box38
\mult@gfirstbox=\box39
\mult@firstbox=\box40
\@tempa=\box41
\@tempa=\box42
\@tempa=\box43
\@tempa=\box44
\@tempa=\box45
\@tempa=\box46
\@tempa=\box47
\@tempa=\box48
\@tempa=\box49
\@tempa=\box50
\@tempa=\box51
\@tempa=\box52
\@tempa=\box53
\@tempa=\box54
\@tempa=\box55
\@tempa=\box56
\@tempa=\box57
\c@columnbadness=\count137
\c@finalcolumnbadness=\count138
\last@try=\dimen153
\multicolovershoot=\dimen154
\multicolundershoot=\dimen155
\mult@nat@firstbox=\box58
\colbreak@box=\box59
\mc@col@check@num=\count139
)
(/usr/local/texlive/2015/texmf-dist/tex/latex/multirow/multirow.sty
\bigstrutjot=\dimen156
)
(/usr/local/texlive/2015/texmf-dist/tex/latex/base/textcomp.sty
Package: textcomp 2005/09/27 v1.99g Standard LaTeX package
Package textcomp Info: Sub-encoding information:
(textcomp)               5 = only ISO-Adobe without \textcurrency
(textcomp)               4 = 5 + \texteuro
(textcomp)               3 = 4 + \textohm
(textcomp)               2 = 3 + \textestimated + \textcurrency
(textcomp)               1 = TS1 - \textcircled - \t
(textcomp)               0 = TS1 (full)
(textcomp)             Font families with sub-encoding setting implement
(textcomp)             only a restricted character set as indicated.
(textcomp)             Family '?' is the default used for unknown fonts.
(textcomp)             See the documentation for details.
Package textcomp Info: Setting ? sub-encoding to TS1/1 on input line 79.

(/usr/local/texlive/2015/texmf-dist/tex/latex/base/ts1enc.def
File: ts1enc.def 2001/06/05 v3.0e (jk/car/fm) Standard LaTeX file
)
LaTeX Info: Redefining \oldstylenums on input line 334.
Package textcomp Info: Setting cmr sub-encoding to TS1/0 on input line 349.
Package textcomp Info: Setting cmss sub-encoding to TS1/0 on input line 350.
Package textcomp Info: Setting cmtt sub-encoding to TS1/0 on input line 351.
Package textcomp Info: Setting cmvtt sub-encoding to TS1/0 on input line 352.
Package textcomp Info: Setting cmbr sub-encoding to TS1/0 on input line 353.
Package textcomp Info: Setting cmtl sub-encoding to TS1/0 on input line 354.
Package textcomp Info: Setting ccr sub-encoding to TS1/0 on input line 355.
Package textcomp Info: Setting ptm sub-encoding to TS1/4 on input line 356.
Package textcomp Info: Setting pcr sub-encoding to TS1/4 on input line 357.
Package textcomp Info: Setting phv sub-encoding to TS1/4 on input line 358.
Package textcomp Info: Setting ppl sub-encoding to TS1/3 on input line 359.
Package textcomp Info: Setting pag sub-encoding to TS1/4 on input line 360.
Package textcomp Info: Setting pbk sub-encoding to TS1/4 on input line 361.
Package textcomp Info: Setting pnc sub-encoding to TS1/4 on input line 362.
Package textcomp Info: Setting pzc sub-encoding to TS1/4 on input line 363.
Package textcomp Info: Setting bch sub-encoding to TS1/4 on input line 364.
Package textcomp Info: Setting put sub-encoding to TS1/5 on input line 365.
Package textcomp Info: Setting uag sub-encoding to TS1/5 on input line 366.
Package textcomp Info: Setting ugq sub-encoding to TS1/5 on input line 367.
Package textcomp Info: Setting ul8 sub-encoding to TS1/4 on input line 368.
Package textcomp Info: Setting ul9 sub-encoding to TS1/4 on input line 369.
Package textcomp Info: Setting augie sub-encoding to TS1/5 on input line 370.
Package textcomp Info: Setting dayrom sub-encoding to TS1/3 on input line 371.
Package textcomp Info: Setting dayroms sub-encoding to TS1/3 on input line 372.

Package textcomp Info: Setting pxr sub-encoding to TS1/0 on input line 373.
Package textcomp Info: Setting pxss sub-encoding to TS1/0 on input line 374.
Package textcomp Info: Setting pxtt sub-encoding to TS1/0 on input line 375.
Package textcomp Info: Setting txr sub-encoding to TS1/0 on input line 376.
Package textcomp Info: Setting txss sub-encoding to TS1/0 on input line 377.
Package textcomp Info: Setting txtt sub-encoding to TS1/0 on input line 378.
Package textcomp Info: Setting lmr sub-encoding to TS1/0 on input line 379.
Package textcomp Info: Setting lmdh sub-encoding to TS1/0 on input line 380.
Package textcomp Info: Setting lmss sub-encoding to TS1/0 on input line 381.
Package textcomp Info: Setting lmssq sub-encoding to TS1/0 on input line 382.
Package textcomp Info: Setting lmvtt sub-encoding to TS1/0 on input line 383.
Package textcomp Info: Setting lmtt sub-encoding to TS1/0 on input line 384.
Package textcomp Info: Setting qhv sub-encoding to TS1/0 on input line 385.
Package textcomp Info: Setting qag sub-encoding to TS1/0 on input line 386.
Package textcomp Info: Setting qbk sub-encoding to TS1/0 on input line 387.
Package textcomp Info: Setting qcr sub-encoding to TS1/0 on input line 388.
Package textcomp Info: Setting qcs sub-encoding to TS1/0 on input line 389.
Package textcomp Info: Setting qpl sub-encoding to TS1/0 on input line 390.
Package textcomp Info: Setting qtm sub-encoding to TS1/0 on input line 391.
Package textcomp Info: Setting qzc sub-encoding to TS1/0 on input line 392.
Package textcomp Info: Setting qhvc sub-encoding to TS1/0 on input line 393.
Package textcomp Info: Setting futs sub-encoding to TS1/4 on input line 394.
Package textcomp Info: Setting futx sub-encoding to TS1/4 on input line 395.
Package textcomp Info: Setting futj sub-encoding to TS1/4 on input line 396.
Package textcomp Info: Setting hlh sub-encoding to TS1/3 on input line 397.
Package textcomp Info: Setting hls sub-encoding to TS1/3 on input line 398.
Package textcomp Info: Setting hlst sub-encoding to TS1/3 on input line 399.
Package textcomp Info: Setting hlct sub-encoding to TS1/5 on input line 400.
Package textcomp Info: Setting hlx sub-encoding to TS1/5 on input line 401.
Package textcomp Info: Setting hlce sub-encoding to TS1/5 on input line 402.
Package textcomp Info: Setting hlcn sub-encoding to TS1/5 on input line 403.
Package textcomp Info: Setting hlcw sub-encoding to TS1/5 on input line 404.
Package textcomp Info: Setting hlcf sub-encoding to TS1/5 on input line 405.
Package textcomp Info: Setting pplx sub-encoding to TS1/3 on input line 406.
Package textcomp Info: Setting pplj sub-encoding to TS1/3 on input line 407.
Package textcomp Info: Setting ptmx sub-encoding to TS1/4 on input line 408.
Package textcomp Info: Setting ptmj sub-encoding to TS1/4 on input line 409.
) (./main.aux)
\openout1 = `main.aux'.

LaTeX Font Info:    Checking defaults for OML/cmm/m/it on input line 332.
LaTeX Font Info:    ... okay on input line 332.
LaTeX Font Info:    Checking defaults for T1/cmr/m/n on input line 332.
LaTeX Font Info:    ... okay on input line 332.
LaTeX Font Info:    Checking defaults for OT1/cmr/m/n on input line 332.
LaTeX Font Info:    ... okay on input line 332.
LaTeX Font Info:    Checking defaults for OMS/cmsy/m/n on input line 332.
LaTeX Font Info:    ... okay on input line 332.
LaTeX Font Info:    Checking defaults for OMX/cmex/m/n on input line 332.
LaTeX Font Info:    ... okay on input line 332.
LaTeX Font Info:    Checking defaults for U/cmr/m/n on input line 332.
LaTeX Font Info:    ... okay on input line 332.
LaTeX Font Info:    Checking defaults for TS1/cmr/m/n on input line 332.
LaTeX Font Info:    Try loading font information for TS1+cmr on input line 332.


(/usr/local/texlive/2015/texmf-dist/tex/latex/base/ts1cmr.fd
File: ts1cmr.fd 2014/09/29 v2.5h Standard LaTeX font definitions
)
LaTeX Font Info:    ... okay on input line 332.

(/usr/local/texlive/2015/texmf-dist/tex/context/base/supp-pdf.mkii
[Loading MPS to PDF converter (version 2006.09.02).]
\scratchcounter=\count140
\scratchdimen=\dimen157
\scratchbox=\box60
\nofMPsegments=\count141
\nofMParguments=\count142
\everyMPshowfont=\toks35
\MPscratchCnt=\count143
\MPscratchDim=\dimen158
\MPnumerator=\count144
\makeMPintoPDFobject=\count145
\everyMPtoPDFconversion=\toks36
) (/usr/local/texlive/2015/texmf-dist/tex/generic/oberdiek/pdftexcmds.sty
Package: pdftexcmds 2011/11/29 v0.20 Utility functions of pdfTeX for LuaTeX (HO
)

(/usr/local/texlive/2015/texmf-dist/tex/generic/oberdiek/ifluatex.sty
Package: ifluatex 2010/03/01 v1.3 Provides the ifluatex switch (HO)
Package ifluatex Info: LuaTeX not detected.
)
Package pdftexcmds Info: LuaTeX not detected.
Package pdftexcmds Info: \pdf@primitive is available.
Package pdftexcmds Info: \pdf@ifprimitive is available.
Package pdftexcmds Info: \pdfdraftmode found.
)
(/usr/local/texlive/2015/texmf-dist/tex/latex/oberdiek/epstopdf-base.sty
Package: epstopdf-base 2010/02/09 v2.5 Base part for package epstopdf

(/usr/local/texlive/2015/texmf-dist/tex/latex/oberdiek/grfext.sty
Package: grfext 2010/08/19 v1.1 Manage graphics extensions (HO)

(/usr/local/texlive/2015/texmf-dist/tex/generic/oberdiek/kvdefinekeys.sty
Package: kvdefinekeys 2011/04/07 v1.3 Define keys (HO)
))
(/usr/local/texlive/2015/texmf-dist/tex/latex/oberdiek/kvoptions.sty
Package: kvoptions 2011/06/30 v3.11 Key value format for package options (HO)

(/usr/local/texlive/2015/texmf-dist/tex/generic/oberdiek/kvsetkeys.sty
Package: kvsetkeys 2012/04/25 v1.16 Key value parser (HO)

(/usr/local/texlive/2015/texmf-dist/tex/generic/oberdiek/etexcmds.sty
Package: etexcmds 2011/02/16 v1.5 Avoid name clashes with e-TeX commands (HO)
Package etexcmds Info: Could not find \expanded.
(etexcmds)             That can mean that you are not using pdfTeX 1.50 or
(etexcmds)             that some package has redefined \expanded.
(etexcmds)             In the latter case, load this package earlier.
)))
Package grfext Info: Graphics extension search list:
(grfext)             [.png,.pdf,.jpg,.mps,.jpeg,.jbig2,.jb2,.PNG,.PDF,.JPG,.JPE
G,.JBIG2,.JB2,.eps]
(grfext)             \AppendGraphicsExtensions on input line 452.

(/usr/local/texlive/2015/texmf-dist/tex/latex/latexconfig/epstopdf-sys.cfg
File: epstopdf-sys.cfg 2010/07/13 v1.3 Configuration of (r)epstopdf for TeX Liv
e
))
\AtBeginShipoutBox=\box61
Package caption Info: Begin \AtBeginDocument code.
Package caption Info: subfig package v1.3 is loaded.
Package caption Info: End \AtBeginDocument code.
LaTeX Font Info:    Try loading font information for U+msa on input line 382.

(/usr/local/texlive/2015/texmf-dist/tex/latex/amsfonts/umsa.fd
File: umsa.fd 2013/01/14 v3.01 AMS symbols A
)
LaTeX Font Info:    Try loading font information for U+msb on input line 382.

(/usr/local/texlive/2015/texmf-dist/tex/latex/amsfonts/umsb.fd
File: umsb.fd 2013/01/14 v3.01 AMS symbols B
)
LaTeX Font Info:    Try loading font information for U+lasy on input line 382.

(/usr/local/texlive/2015/texmf-dist/tex/latex/base/ulasy.fd
File: ulasy.fd 1998/08/17 v2.2e LaTeX symbol font definitions
)
<figures/ccu.jpg, id=1, 153.57375pt x 140.32425pt>
File: figures/ccu.jpg Graphic file (type jpg)
 <use figures/ccu.jpg>
Package pdftex.def Info: figures/ccu.jpg used on input line 382.
(pdftex.def)             Requested size: 209.14575pt x 191.1018pt.

[1

{/usr/local/texlive/2015/texmf-var/fonts/map/pdftex/updmap/pdftex.map} <./figur
es/ccu.jpg>] (./abstract.tex
File: figures/ccu.jpg Graphic file (type jpg)
 <use figures/ccu.jpg>
Package pdftex.def Info: figures/ccu.jpg used on input line 4.
(pdftex.def)             Requested size: 209.14575pt x 191.1018pt.
 [1]) (./main.toc
File: figures/ccu.jpg Graphic file (type jpg)

<use figures/ccu.jpg>
Package pdftex.def Info: figures/ccu.jpg used on input line 15.
(pdftex.def)             Requested size: 209.14575pt x 191.1018pt.
 [1

])
\tf@toc=\write3
\openout3 = `main.toc'.

File: figures/ccu.jpg Graphic file (type jpg)
 <use figures/ccu.jpg>
Package pdftex.def Info: figures/ccu.jpg used on input line 413.
(pdftex.def)             Requested size: 209.14575pt x 191.1018pt.
 [2] (./main.lof)
\tf@lof=\write4
\openout4 = `main.lof'.

File: figures/ccu.jpg Graphic file (type jpg)

<use figures/ccu.jpg>
Package pdftex.def Info: figures/ccu.jpg used on input line 413.
(pdftex.def)             Requested size: 209.14575pt x 191.1018pt.
 [3

] (./main.lot
File: figures/ccu.jpg Graphic file (type jpg)
 <use figures/ccu.jpg>
Package pdftex.def Info: figures/ccu.jpg used on input line 17.
(pdftex.def)             Requested size: 209.14575pt x 191.1018pt.
 [4

])
\tf@lot=\write5
\openout5 = `main.lot'.

 (./intro.tex
File: figures/ccu.jpg Graphic file (type jpg)

<use figures/ccu.jpg>
Package pdftex.def Info: figures/ccu.jpg used on input line 1.
(pdftex.def)             Requested size: 209.14575pt x 191.1018pt.
 [5]
Chapter 1.
File: figures/ccu.jpg Graphic file (type jpg)
<use figures/ccu.jpg>
Package pdftex.def Info: figures/ccu.jpg used on input line 9.
(pdftex.def)             Requested size: 209.14575pt x 191.1018pt.
 [1

]
Missing character: There is no Ô in font cmr12!
Missing character: There is no º in font cmr12!
Missing character: There is no ∏ in font cmr12!
Missing character: There is no Ô in font cmr12!
Missing character: There is no º in font cmr12!
Missing character: There is no ∏ in font cmr12!
Missing character: There is no Ô in font cmr12!
Missing character: There is no º in font cmr12!
Missing character: There is no ∏ in font cmr12!
Missing character: There is no Ô in font cmr12!
Missing character: There is no º in font cmr12!
Missing character: There is no ∏ in font cmr12!
Missing character: There is no Ô in font cmr12!
Missing character: There is no º in font cmr12!
Missing character: There is no ∏ in font cmr12!
Missing character: There is no Ô in font cmr12!
Missing character: There is no º in font cmr12!
Missing character: There is no ∏ in font cmr12!
Missing character: There is no Ô in font cmr12!
Missing character: There is no º in font cmr12!
Missing character: There is no ∏ in font cmr12!
Missing character: There is no Ô in font cmr12!
Missing character: There is no º in font cmr12!
Missing character: There is no ∏ in font cmr12!
Missing character: There is no Ô in font cmr12!
Missing character: There is no º in font cmr12!
Missing character: There is no ∏ in font cmr12!
Missing character: There is no Ô in font cmr12!
Missing character: There is no º in font cmr12!
Missing character: There is no ∏ in font cmr12!
Missing character: There is no Ô in font cmr12!
Missing character: There is no º in font cmr12!
Missing character: There is no ∏ in font cmr12!
Missing character: There is no Ô in font cmr12!
Missing character: There is no º in font cmr12!
Missing character: There is no ∏ in font cmr12!
Missing character: There is no Ô in font cmr12!
Missing character: There is no º in font cmr12!
Missing character: There is no ∏ in font cmr12!
Missing character: There is no Ô in font cmr12!
Missing character: There is no º in font cmr12!
Missing character: There is no ∏ in font cmr12!
Missing character: There is no Ô in font cmr12!
Missing character: There is no º in font cmr12!
Missing character: There is no ∏ in font cmr12!
Missing character: There is no Ô in font cmr12!
Missing character: There is no º in font cmr12!
Missing character: There is no ∏ in font cmr12!
File: figures/ccu.jpg Graphic file (type jpg)
 <use figures/ccu.jpg>
Package pdftex.def Info: figures/ccu.jpg used on input line 16.
(pdftex.def)             Requested size: 209.14575pt x 191.1018pt.
 [2]
Overfull \hbox (225.0617pt too wide) in paragraph at lines 19--20
[]\OT1/cmr/m/n/12 In the ex-per-i-ments, we found that our method XXXXXXXXXXXXX
XXXXXXXXXXXXXXXXXXXXXXXXXXXX.
 []

File: figures/ccu.jpg Graphic file (type jpg)
<use figures/ccu.jpg>
Package pdftex.def Info: figures/ccu.jpg used on input line 29.
(pdftex.def)             Requested size: 209.14575pt x 191.1018pt.
 [3]) (./background.tex
Overfull \hbox (94.07649pt too wide) in paragraph at lines 36--1
\OT1/cmr/m/n/12 own de-tec-tion method. XXXXXXXXXXXXXXXXXXXXXXXXXXXXXXXXXXXXXXX
XX.
 []

File: figures/ccu.jpg Graphic file (type jpg)
<use figures/ccu.jpg>
Package pdftex.def Info: figures/ccu.jpg used on input line 1.
(pdftex.def)             Requested size: 209.14575pt x 191.1018pt.
 [4]
Chapter 2.
File: figures/ccu.jpg Graphic file (type jpg)
<use figures/ccu.jpg>
Package pdftex.def Info: figures/ccu.jpg used on input line 6.
(pdftex.def)             Requested size: 209.14575pt x 191.1018pt.
 [5

]
<figures/SDN_structure.png, id=44, 603.75563pt x 352.31625pt>
File: figures/SDN_structure.png Graphic file (type png)

<use figures/SDN_structure.png>
Package pdftex.def Info: figures/SDN_structure.png used on input line 11.
(pdftex.def)             Requested size: 331.50238pt x 193.4466pt.
File: figures/ccu.jpg Graphic file (type jpg)
 <use figures/ccu.jpg>
Package pdftex.def Info: figures/ccu.jpg used on input line 16.
(pdftex.def)             Requested size: 209.14575pt x 191.1018pt.
 [6]
<figures/columns_of_flow_entry.png, id=50, 445.665pt x 63.23625pt>
File: figures/columns_of_flow_entry.png Graphic file (type png)

<use figures/columns_of_flow_entry.png>
Package pdftex.def Info: figures/columns_of_flow_entry.png used on input line 1
9.
(pdftex.def)             Requested size: 390.0pt x 55.33832pt.
File: figures/ccu.jpg Graphic file (type jpg)
 <use figures/ccu.jpg>
Package pdftex.def Info: figures/ccu.jpg used on input line 32.
(pdftex.def)             Requested size: 209.14575pt x 191.1018pt.
 [7 <./figures/SDN_structure.png> <./figures/columns_of_flow_entry.png>]
File: figures/ccu.jpg Graphic file (type jpg)
 <use figures/ccu.jpg>
Package pdftex.def Info: figures/ccu.jpg used on input line 40.
(pdftex.def)             Requested size: 209.14575pt x 191.1018pt.

[8] <figures/LLDP_packet_format.png, id=60, 368.87813pt x 100.87688pt>
File: figures/LLDP_packet_format.png Graphic file (type png)

<use figures/LLDP_packet_format.png>
Package pdftex.def Info: figures/LLDP_packet_format.png used on input line 45.
(pdftex.def)             Requested size: 390.0pt x 106.65343pt.
File: figures/ccu.jpg Graphic file (type jpg)
 <use figures/ccu.jpg>
Package pdftex.def Info: figures/ccu.jpg used on input line 50.
(pdftex.def)             Requested size: 209.14575pt x 191.1018pt.
 [9]
<figures/OFDP_procedure.png, id=64, 613.54219pt x 383.93437pt>
File: figures/OFDP_procedure.png Graphic file (type png)

<use figures/OFDP_procedure.png>
Package pdftex.def Info: figures/OFDP_procedure.png used on input line 53.
(pdftex.def)             Requested size: 390.0pt x 244.04752pt.
File: figures/ccu.jpg Graphic file (type jpg)
 <use figures/ccu.jpg>
Package pdftex.def Info: figures/ccu.jpg used on input line 61.
(pdftex.def)             Requested size: 209.14575pt x 191.1018pt.
 [10 <./figures/LLDP_packet_format.png> <./figures/OFDP_procedure.png>]
<figures/SDN_threat_overview.png, id=70, 725.71124pt x 554.07pt>
File: figures/SDN_threat_overview.png Graphic file (type png)

<use figures/SDN_threat_overview.png>
Package pdftex.def Info: figures/SDN_threat_overview.png used on input line 64.

(pdftex.def)             Requested size: 390.0pt x 297.76454pt.
File: figures/ccu.jpg Graphic file (type jpg)
 <use figures/ccu.jpg>
Package pdftex.def Info: figures/ccu.jpg used on input line 69.
(pdftex.def)             Requested size: 209.14575pt x 191.1018pt.
 [11]
Underfull \hbox (badness 1142) in paragraph at lines 77--77
[]|\OT1/cmr/m/n/12 Administrative In-ter-
 []


Underfull \hbox (badness 3547) in paragraph at lines 78--78
[]|\OT1/cmr/m/n/12 Application Vul-ner-a-
 []


Underfull \hbox (badness 10000) in paragraph at lines 79--80
[]|\OT1/cmr/m/n/12 Attacker re-ceives tar-get
 []


Underfull \hbox (badness 10000) in paragraph at lines 80--80
[]|\OT1/cmr/m/n/12 link be-tween
 []


Underfull \hbox (badness 2229) in paragraph at lines 80--81
[]|\OT1/cmr/m/n/12 Add non-existing link to
 []


Underfull \hbox (badness 2452) in paragraph at lines 81--82
[]|\OT1/cmr/m/n/12 Unwanted packet redi-rec-
 []


Underfull \hbox (badness 10000) in paragraph at lines 83--83
[]|\OT1/cmr/m/n/12 Control-channel
 []


Overfull \hbox (20.33588pt too wide) in paragraph at lines 73--87
 [][] 
 []

File: figures/ccu.jpg Graphic file (type jpg)
<use figures/ccu.jpg>
Package pdftex.def Info: figures/ccu.jpg used on input line 88.
(pdftex.def)             Requested size: 209.14575pt x 191.1018pt.
 [12 <./figures/SDN_threat_overview.png>]
File: figures/ccu.jpg Graphic file (type jpg)

<use figures/ccu.jpg>
Package pdftex.def Info: figures/ccu.jpg used on input line 91.
(pdftex.def)             Requested size: 209.14575pt x 191.1018pt.
 [13]
Overfull \hbox (1.85426pt too wide) in paragraph at lines 95--96
[]\OT1/cmr/m/n/12 With a com-pro-mised switch, one may also re-con-fig-ure it t
o use an attacker-
 []

File: figures/ccu.jpg Graphic file (type jpg)
<use figures/ccu.jpg>
Package pdftex.def Info: figures/ccu.jpg used on input line 96.
(pdftex.def)             Requested size: 209.14575pt x 191.1018pt.
 [14]
File: figures/ccu.jpg Graphic file (type jpg)
 <use figures/ccu.jpg>
Package pdftex.def Info: figures/ccu.jpg used on input line 103.
(pdftex.def)             Requested size: 209.14575pt x 191.1018pt.
 [15]) (./method.tex
File: figures/ccu.jpg Graphic file (type jpg)

<use figures/ccu.jpg>
Package pdftex.def Info: figures/ccu.jpg used on input line 1.
(pdftex.def)             Requested size: 209.14575pt x 191.1018pt.
 [16]
File: figures/ccu.jpg Graphic file (type jpg)
 <use figures/ccu.jpg>
Package pdftex.def Info: figures/ccu.jpg used on input line 1.
(pdftex.def)             Requested size: 209.14575pt x 191.1018pt.
 [17]
Chapter 3.
File: figures/ccu.jpg Graphic file (type jpg)
<use figures/ccu.jpg>
Package pdftex.def Info: figures/ccu.jpg used on input line 19.
(pdftex.def)             Requested size: 209.14575pt x 191.1018pt.
 [18

]
Missing character: There is no ‚ in font cmr12!
Missing character: There is no Ä in font cmr12!
Missing character: There is no ô in font cmr12!
Missing character: There is no ‚ in font cmr12!
Missing character: There is no Ä in font cmr12!
Missing character: There is no ô in font cmr12!
File: figures/ccu.jpg Graphic file (type jpg)
 <use figures/ccu.jpg>
Package pdftex.def Info: figures/ccu.jpg used on input line 63.
(pdftex.def)             Requested size: 209.14575pt x 191.1018pt.
 [19]
Missing character: There is no ‚ in font cmr12!
Missing character: There is no Ä in font cmr12!
Missing character: There is no ú in font cmr12!
Missing character: There is no ‚ in font cmr12!
Missing character: There is no Ä in font cmr12!
Missing character: There is no ù in font cmr12!

Overfull \hbox (170.73029pt too wide) in paragraph at lines 81--83
[]\OT1/cmr/m/n/12 -===========================================================
 []

File: figures/ccu.jpg Graphic file (type jpg)
<use figures/ccu.jpg>
Package pdftex.def Info: figures/ccu.jpg used on input line 83.
(pdftex.def)             Requested size: 209.14575pt x 191.1018pt.
 [20]
File: figures/ccu.jpg Graphic file (type jpg)
 <use figures/ccu.jpg>
Package pdftex.def Info: figures/ccu.jpg used on input line 89.
(pdftex.def)             Requested size: 209.14575pt x 191.1018pt.
 [21]
Underfull \hbox (badness 4279) in paragraph at lines 103--103
[]|\OT1/cmr/m/n/12 Youtube/ Tu-
 []


Underfull \hbox (badness 4739) in paragraph at lines 104--104
[]|\OT1/cmr/m/n/12 Google drive/
 []


Underfull \hbox (badness 10000) in paragraph at lines 105--105
[]|\OT1/cmr/m/n/12 Facebook :
 []


Underfull \hbox (badness 10000) in paragraph at lines 105--105
\OT1/cmr/m/n/12 Tetris Bat-
 []


Underfull \hbox (badness 10000) in paragraph at lines 105--105
\OT1/cmr/m/n/12 tle/ Dun-geon
 []

File: figures/ccu.jpg Graphic file (type jpg)
<use figures/ccu.jpg>
Package pdftex.def Info: figures/ccu.jpg used on input line 115.
(pdftex.def)             Requested size: 209.14575pt x 191.1018pt.
 [22]
File: figures/ccu.jpg Graphic file (type jpg)
 <use figures/ccu.jpg>
Package pdftex.def Info: figures/ccu.jpg used on input line 122.
(pdftex.def)             Requested size: 209.14575pt x 191.1018pt.
 [23]
File: figures/ccu.jpg Graphic file (type jpg)
 <use figures/ccu.jpg>
Package pdftex.def Info: figures/ccu.jpg used on input line 128.
(pdftex.def)             Requested size: 209.14575pt x 191.1018pt.

[24]
Overfull \hbox (94.48291pt too wide) in paragraph at lines 136--145
 [][] 
 []


Overfull \hbox (80.11778pt too wide) in paragraph at lines 151--164
 [][] 
 []

File: figures/ccu.jpg Graphic file (type jpg)
<use figures/ccu.jpg>
Package pdftex.def Info: figures/ccu.jpg used on input line 170.
(pdftex.def)             Requested size: 209.14575pt x 191.1018pt.
 [25]
File: figures/ccu.jpg Graphic file (type jpg)
 <use figures/ccu.jpg>
Package pdftex.def Info: figures/ccu.jpg used on input line 170.
(pdftex.def)             Requested size: 209.14575pt x 191.1018pt.
 [26]
File: figures/ccu.jpg Graphic file (type jpg)
 <use figures/ccu.jpg>
Package pdftex.def Info: figures/ccu.jpg used on input line 216.
(pdftex.def)             Requested size: 209.14575pt x 191.1018pt.

[27]
File: figures/SDN_structure.png Graphic file (type png)
 <use figures/SDN_structure.png>
Package pdftex.def Info: figures/SDN_structure.png used on input line 224.
(pdftex.def)             Requested size: 390.0pt x 227.57823pt.
) (./evaluation.tex
File: figures/ccu.jpg Graphic file (type jpg)
 <use figures/ccu.jpg>
Package pdftex.def Info: figures/ccu.jpg used on input line 1.
(pdftex.def)             Requested size: 209.14575pt x 191.1018pt.

[28]
File: figures/ccu.jpg Graphic file (type jpg)
 <use figures/ccu.jpg>
Package pdftex.def Info: figures/ccu.jpg used on input line 1.
(pdftex.def)             Requested size: 209.14575pt x 191.1018pt.
 [29]
File: figures/ccu.jpg Graphic file (type jpg)
 <use figures/ccu.jpg>
Package pdftex.def Info: figures/ccu.jpg used on input line 1.
(pdftex.def)             Requested size: 209.14575pt x 191.1018pt.
 [30]
Chapter 4.
File: figures/ccu.jpg Graphic file (type jpg)
<use figures/ccu.jpg>
Package pdftex.def Info: figures/ccu.jpg used on input line 35.
(pdftex.def)             Requested size: 209.14575pt x 191.1018pt.
 [31

]
Overfull \hbox (2.67232pt too wide) in paragraph at lines 40--41
[]\OT1/cmr/m/n/12 Figure 4.1[] presents the top 10 fre-quent mes-sage sizes fro
m the two browsers
 []

File: figures/ccu.jpg Graphic file (type jpg)
<use figures/ccu.jpg>
Package pdftex.def Info: figures/ccu.jpg used on input line 41.
(pdftex.def)             Requested size: 209.14575pt x 191.1018pt.
 [32]
<msg_size_distribution1.pdf, id=146, 639.89063pt x 403.5075pt>
File: msg_size_distribution1.pdf Graphic file (type pdf)

<use msg_size_distribution1.pdf>
Package pdftex.def Info: msg_size_distribution1.pdf used on input line 46.
(pdftex.def)             Requested size: 390.0pt x 245.92987pt.

Overfull \hbox (7.83325pt too wide) in paragraph at lines 46--46
 [][] 
 []

<msg_size_distribution2.pdf, id=147, 639.89063pt x 383.93437pt>
File: msg_size_distribution2.pdf Graphic file (type pdf)

<use msg_size_distribution2.pdf>
Package pdftex.def Info: msg_size_distribution2.pdf used on input line 49.
(pdftex.def)             Requested size: 390.0pt x 234.00043pt.

Overfull \hbox (7.83325pt too wide) in paragraph at lines 49--50
 [][] 
 []

File: figures/ccu.jpg Graphic file (type jpg)
<use figures/ccu.jpg>
Package pdftex.def Info: figures/ccu.jpg used on input line 53.
(pdftex.def)             Requested size: 209.14575pt x 191.1018pt.
 [33]
File: figures/ccu.jpg Graphic file (type jpg)
 <use figures/ccu.jpg>
Package pdftex.def Info: figures/ccu.jpg used on input line 56.
(pdftex.def)             Requested size: 209.14575pt x 191.1018pt.
 [34 <./msg_size_distribution1.pdf> <./msg_size_distribution2.pdf

pdfTeX warning: pdflatex (file ./msg_size_distribution2.pdf): PDF inclusion: mu
ltiple pdfs with page group included in a single page
>] <setlabel.pdf, id=162, 588.69937pt x 270.25969pt>
File: setlabel.pdf Graphic file (type pdf)
 <use setlabel.pdf>
Package pdftex.def Info: setlabel.pdf used on input line 61.
(pdftex.def)             Requested size: 390.0pt x 179.04pt.
File: figures/ccu.jpg Graphic file (type jpg)

<use figures/ccu.jpg>
Package pdftex.def Info: figures/ccu.jpg used on input line 71.
(pdftex.def)             Requested size: 209.14575pt x 191.1018pt.
 [35 <./setlabel.pdf>]
File: figures/ccu.jpg Graphic file (type jpg)
 <use figures/ccu.jpg>
Package pdftex.def Info: figures/ccu.jpg used on input line 76.
(pdftex.def)             Requested size: 209.14575pt x 191.1018pt.
 [36]
Overfull \hbox (30.165pt too wide) in paragraph at lines 82--96
 [][] 
 []

File: figures/ccu.jpg Graphic file (type jpg)
<use figures/ccu.jpg>
Package pdftex.def Info: figures/ccu.jpg used on input line 101.
(pdftex.def)             Requested size: 209.14575pt x 191.1018pt.
 [37]
Overfull \hbox (35.71773pt too wide) in paragraph at lines 107--119
 [][] 
 []

File: figures/ccu.jpg Graphic file (type jpg)
<use figures/ccu.jpg>
Package pdftex.def Info: figures/ccu.jpg used on input line 124.
(pdftex.def)             Requested size: 209.14575pt x 191.1018pt.
 [38]
File: figures/ccu.jpg Graphic file (type jpg)
 <use figures/ccu.jpg>
Package pdftex.def Info: figures/ccu.jpg used on input line 149.
(pdftex.def)             Requested size: 209.14575pt x 191.1018pt.
 [39]
Overfull \hbox (43.44385pt too wide) in paragraph at lines 154--167
 [][] 
 []

File: figures/ccu.jpg Graphic file (type jpg)
<use figures/ccu.jpg>
Package pdftex.def Info: figures/ccu.jpg used on input line 168.
(pdftex.def)             Requested size: 209.14575pt x 191.1018pt.
 [40]
File: figures/ccu.jpg Graphic file (type jpg)
 <use figures/ccu.jpg>
Package pdftex.def Info: figures/ccu.jpg used on input line 174.
(pdftex.def)             Requested size: 209.14575pt x 191.1018pt.
 [41]
Overfull \hbox (46.1621pt too wide) in paragraph at lines 179--195
 [][] 
 []

File: figures/ccu.jpg Graphic file (type jpg)
<use figures/ccu.jpg>
Package pdftex.def Info: figures/ccu.jpg used on input line 201.
(pdftex.def)             Requested size: 209.14575pt x 191.1018pt.
 [42] <early_dr.pdf, id=194, 654.19406pt x 283.81032pt>
File: early_dr.pdf Graphic file (type pdf)

<use early_dr.pdf>
Package pdftex.def Info: early_dr.pdf used on input line 208.
(pdftex.def)             Requested size: 429.00238pt x 186.1158pt.

Overfull \hbox (39.00238pt too wide) in paragraph at lines 208--209
 [] 
 []

File: figures/ccu.jpg Graphic file (type jpg)
<use figures/ccu.jpg>
Package pdftex.def Info: figures/ccu.jpg used on input line 213.
(pdftex.def)             Requested size: 209.14575pt x 191.1018pt.
 [43] <early_map.pdf, id=198, 688.07062pt x 307.1475pt>
File: early_map.pdf Graphic file (type pdf)

<use early_map.pdf>
Package pdftex.def Info: early_map.pdf used on input line 219.
(pdftex.def)             Requested size: 429.00238pt x 191.50273pt.

Overfull \hbox (39.00238pt too wide) in paragraph at lines 219--220
 [] 
 []

File: figures/ccu.jpg Graphic file (type jpg)
<use figures/ccu.jpg>
Package pdftex.def Info: figures/ccu.jpg used on input line 224.
(pdftex.def)             Requested size: 209.14575pt x 191.1018pt.
 [44 <./early_dr.pdf>]
Missing character: There is no √ in font cmr12!
Missing character: There is no Ø in font cmr12!

Overfull \hbox (29.23985pt too wide) in paragraph at lines 229--242
 [][] 
 []

File: figures/ccu.jpg Graphic file (type jpg)
<use figures/ccu.jpg>
Package pdftex.def Info: figures/ccu.jpg used on input line 248.
(pdftex.def)             Requested size: 209.14575pt x 191.1018pt.
 [45 <./early_map.pdf>]
File: figures/ccu.jpg Graphic file (type jpg)
 <use figures/ccu.jpg>
Package pdftex.def Info: figures/ccu.jpg used on input line 252.
(pdftex.def)             Requested size: 209.14575pt x 191.1018pt.
 [46])
(./conclusion.tex
File: figures/ccu.jpg Graphic file (type jpg)
 <use figures/ccu.jpg>
Package pdftex.def Info: figures/ccu.jpg used on input line 1.
(pdftex.def)             Requested size: 209.14575pt x 191.1018pt.
 [47]
Chapter 5.
Missing character: There is no ‚ in font cmr12!
Missing character: There is no Ä in font cmr12!
Missing character: There is no ô in font cmr12!
Missing character: There is no ‚ in font cmr12!
Missing character: There is no Ä in font cmr12!
Missing character: There is no ô in font cmr12!
) (./references.tex
File: figures/ccu.jpg Graphic file (type jpg)
 <use figures/ccu.jpg>
Package pdftex.def Info: figures/ccu.jpg used on input line 1.
(pdftex.def)             Requested size: 209.14575pt x 191.1018pt.
 [48

]
Missing character: There is no √ in font cmr12!
Missing character: There is no ≠ in font cmr12!
Missing character: There is no √ in font cmr12!
Missing character: There is no § in font cmr12!
Missing character: There is no √ in font cmr12!
Missing character: There is no § in font cmr12!
File: figures/ccu.jpg Graphic file (type jpg)
 <use figures/ccu.jpg>
Package pdftex.def Info: figures/ccu.jpg used on input line 27.
(pdftex.def)             Requested size: 209.14575pt x 191.1018pt.
 [49

]
Underfull \hbox (badness 1436) in paragraph at lines 28--30
[]\OT1/cmr/m/n/12 TIEN THANH BUI, ``Anal-y-sis of Topol-ogy Poi-son-ing At-tack
s in
 []

File: figures/ccu.jpg Graphic file (type jpg)
<use figures/ccu.jpg>
Package pdftex.def Info: figures/ccu.jpg used on input line 56.
(pdftex.def)             Requested size: 209.14575pt x 191.1018pt.
 [50]
Missing character: There is no ‚ in font cmr12!
Missing character: There is no Ä in font cmr12!
Missing character: There is no ì in font cmr12!

Underfull \hbox (badness 10000) in paragraph at lines 77--78
[]$\OT1/cmtt/m/n/12 https : / / www . opennetworking . org / images / stories /

 []


Underfull \hbox (badness 10000) in paragraph at lines 77--78
\OT1/cmtt/m/n/12 downloads / sdn-[]resources / onfspecifications / openflow /
 []


Underfull \hbox (badness 10000) in paragraph at lines 86--87
[]$\OT1/cmtt/m/n/12 http : / / www . networkworld . com / article / 2840273 / s
dn /
 []

File: figures/ccu.jpg Graphic file (type jpg)
<use figures/ccu.jpg>
Package pdftex.def Info: figures/ccu.jpg used on input line 87.
(pdftex.def)             Requested size: 209.14575pt x 191.1018pt.
 [51]
Underfull \hbox (badness 10000) in paragraph at lines 89--90
[]$\OT1/cmtt/m/n/12 http : / / www . wipro . com / documents / insights /
 []


Underfull \hbox (badness 10000) in paragraph at lines 95--96
[]$\OT1/cmtt/m/n/12 https : / / web . nvd . nist . gov / view / vuln / detail ?
 vulnId =
 []


Underfull \hbox (badness 10000) in paragraph at lines 98--99
[]$\OT1/cmtt/m/n/12 https : / / web . nvd . nist . gov / view / vuln / detail ?
 vulnId =
 []


Underfull \hbox (badness 10000) in paragraph at lines 101--102
[]$\OT1/cmtt/m/n/12 https : / / web . nvd . nist . gov / view / vuln / detail ?
 vulnId =
 []


Underfull \hbox (badness 10000) in paragraph at lines 104--106
[]$\OT1/cmtt/m/n/12 http : / / usenix . org / legacy / publications / library /
 proceedings /
 []


Underfull \hbox (badness 1152) in paragraph at lines 116--118
[]\OT1/cmr/m/n/12 M. Roughan, S. Sen, O. Spatscheck and N. Duffield, ``Class-of
-
 []

File: figures/ccu.jpg Graphic file (type jpg)
<use figures/ccu.jpg>
Package pdftex.def Info: figures/ccu.jpg used on input line 122.
(pdftex.def)             Requested size: 209.14575pt x 191.1018pt.
 [52]
File: figures/ccu.jpg Graphic file (type jpg)
 <use figures/ccu.jpg>
Package pdftex.def Info: figures/ccu.jpg used on input line 156.
(pdftex.def)             Requested size: 209.14575pt x 191.1018pt.
 [53]
File: figures/ccu.jpg Graphic file (type jpg)
 <use figures/ccu.jpg>
Package pdftex.def Info: figures/ccu.jpg used on input line 180.
(pdftex.def)             Requested size: 209.14575pt x 191.1018pt.

[54]
File: figures/ccu.jpg Graphic file (type jpg)
 <use figures/ccu.jpg>
Package pdftex.def Info: figures/ccu.jpg used on input line 208.
(pdftex.def)             Requested size: 209.14575pt x 191.1018pt.
 [55]
Missing character: There is no ‚ in font cmr12!
Missing character: There is no Ä in font cmr12!
Missing character: There is no ô in font cmr12!
)
File: figures/ccu.jpg Graphic file (type jpg)
 <use figures/ccu.jpg>
Package pdftex.def Info: figures/ccu.jpg used on input line 421.
(pdftex.def)             Requested size: 209.14575pt x 191.1018pt.
 [56] (./main.aux) ) 
Here is how much of TeX's memory you used:
 6279 strings out of 493089
 91403 string characters out of 6134843
 166534 words of memory out of 5000000
 9586 multiletter control sequences out of 15000+600000
 14470 words of font info for 59 fonts, out of 8000000 for 9000
 1144 hyphenation exceptions out of 8191
 44i,16n,47p,1574b,379s stack positions out of 5000i,500n,10000p,200000b,80000s
</usr/local/texlive/2015/texmf-dist/fonts/type1/public/amsf
onts/cm/cmbx10.pfb></usr/local/texlive/2015/texmf-dist/fonts/type1/public/amsfo
nts/cm/cmbx12.pfb></usr/local/texlive/2015/texmf-dist/fonts/type1/public/amsfon
ts/cm/cmmi12.pfb></usr/local/texlive/2015/texmf-dist/fonts/type1/public/amsfont
s/cm/cmmi8.pfb></usr/local/texlive/2015/texmf-dist/fonts/type1/public/amsfonts/
cm/cmr10.pfb></usr/local/texlive/2015/texmf-dist/fonts/type1/public/amsfonts/cm
/cmr12.pfb></usr/local/texlive/2015/texmf-dist/fonts/type1/public/amsfonts/cm/c
mr8.pfb></usr/local/texlive/2015/texmf-dist/fonts/type1/public/amsfonts/cm/cmti
12.pfb></usr/local/texlive/2015/texmf-dist/fonts/type1/public/amsfonts/cm/cmtt1
2.pfb>
Output written on main.pdf (63 pages, 403070 bytes).
PDF statistics:
 280 PDF objects out of 1000 (max. 8388607)
 183 compressed objects within 2 object streams
 0 named destinations out of 1000 (max. 500000)
 56 words of extra memory for PDF output out of 10000 (max. 10000000)

